[INFO] Scanning for projects...
[INFO] 
[INFO] ----------------------< com.novaforum:nova-forum >----------------------
[INFO] Building nova-forum 0.0.1-SNAPSHOT
[INFO]   from pom.xml
[INFO] --------------------------------[ jar ]---------------------------------
[INFO] 
[INFO] >>> spring-boot:3.5.7:run (default-cli) > test-compile @ nova-forum >>>
[INFO] 
[INFO] --- resources:3.3.1:resources (default-resources) @ nova-forum ---
[INFO] Copying 1 resource from src/main/resources to target/classes
[INFO] Copying 3 resources from src/main/resources to target/classes
[INFO] 
[INFO] --- compiler:3.14.1:compile (default-compile) @ nova-forum ---
[INFO] Nothing to compile - all classes are up to date.
[INFO] 
[INFO] --- resources:3.3.1:testResources (default-testResources) @ nova-forum ---
[INFO] skip non existing resourceDirectory /home/cao/workspace/nova-forum/src/test/resources
[INFO] 
[INFO] --- compiler:3.14.1:testCompile (default-testCompile) @ nova-forum ---
[INFO] Recompiling the module because of changed dependency.
[INFO] Compiling 1 source file with javac [debug parameters release 17] to target/test-classes
[INFO] 
[INFO] <<< spring-boot:3.5.7:run (default-cli) < test-compile @ nova-forum <<<
[INFO] 
[INFO] 
[INFO] --- spring-boot:3.5.7:run (default-cli) @ nova-forum ---
[INFO] Attaching agents: []

  .   ____          _            __ _ _
 /\\ / ___'_ __ _ _(_)_ __  __ _ \ \ \ \
( ( )\___ | '_ | '_| | '_ \/ _` | \ \ \ \
 \\/  ___)| |_)| | | | | || (_| |  ) ) ) )
  '  |____| .__|_| |_|_| |_\__, | / / / /
 =========|_|==============|___/=/_/_/_/

 :: Spring Boot ::                (v3.5.7)

2025-11-05 11:58:58 [main] INFO  c.n.nova_forum.NovaForumApplication - Starting NovaForumApplication using Java 21.0.8 with PID 28844 (/home/cao/workspace/nova-forum/target/classes started by u0_a279 in /home/cao/workspace/nova-forum)
2025-11-05 11:58:58 [main] DEBUG c.n.nova_forum.NovaForumApplication - Running with Spring Boot v3.5.7, Spring v6.2.12
2025-11-05 11:58:58 [main] INFO  c.n.nova_forum.NovaForumApplication - No active profile set, falling back to 1 default profile: "default"
2025-11-05 11:59:00 [main] INFO  o.s.d.r.c.RepositoryConfigurationDelegate - Multiple Spring Data modules found, entering strict repository configuration mode
2025-11-05 11:59:00 [main] INFO  o.s.d.r.c.RepositoryConfigurationDelegate - Bootstrapping Spring Data Redis repositories in DEFAULT mode.
2025-11-05 11:59:00 [main] INFO  o.s.d.r.c.RepositoryConfigurationDelegate - Finished Spring Data repository scanning in 112 ms. Found 0 Redis repository interfaces.
2025-11-05 11:59:03 [main] INFO  o.s.b.w.e.tomcat.TomcatWebServer - Tomcat initialized with port 8080 (http)
2025-11-05 11:59:03 [main] INFO  o.a.catalina.core.StandardService - Starting service [Tomcat]
2025-11-05 11:59:03 [main] INFO  o.a.catalina.core.StandardEngine - Starting Servlet engine: [Apache Tomcat/10.1.48]
2025-11-05 11:59:03 [main] INFO  o.a.c.c.C.[.[localhost].[/api] - Initializing Spring embedded WebApplicationContext
2025-11-05 11:59:03 [main] INFO  o.s.b.w.s.c.ServletWebServerApplicationContext - Root WebApplicationContext: initialization completed in 5093 ms
2025-11-05 11:59:03 [main] DEBUG c.n.n.config.JwtAuthenticationFilter - Filter 'jwtAuthenticationFilter' configured for use
2025-11-05 11:59:03 [main] WARN  c.b.m.core.toolkit.Sequence -  getDatacenterId: Permission denied (ioctl(SIOCGIFHWADDR) failed)
2025-11-05 11:59:05 [main] WARN  o.s.b.a.s.s.UserDetailsServiceAutoConfiguration - 

Using generated security password: a8dca4b1-d2b5-4a0c-a3bd-a59767f446ef

This generated password is for development use only. Your security configuration must be updated before running your application in production.

2025-11-05 11:59:05 [main] INFO  o.s.s.c.a.a.c.InitializeUserDetailsBeanManagerConfigurer$InitializeUserDetailsManagerConfigurer - Global AuthenticationManager configured with UserDetailsService bean with name inMemoryUserDetailsManager
2025-11-05 11:59:05 [main] DEBUG o.s.s.web.DefaultSecurityFilterChain - Will secure any request with filters: DisableEncodeUrlFilter, WebAsyncManagerIntegrationFilter, SecurityContextHolderFilter, HeaderWriterFilter, LogoutFilter, JwtAuthenticationFilter, RequestCacheAwareFilter, SecurityContextHolderAwareRequestFilter, AnonymousAuthenticationFilter, SessionManagementFilter, ExceptionTranslationFilter, AuthorizationFilter
2025-11-05 11:59:05 [main] INFO  c.b.m.e.s.MybatisPlusApplicationContextAware - Register ApplicationContext instances org.springframework.boot.web.servlet.context.AnnotationConfigServletWebServerApplicationContext@10993713
2025-11-05 11:59:05 [main] INFO  o.s.b.w.e.tomcat.TomcatWebServer - Tomcat started on port 8080 (http) with context path '/api'
2025-11-05 11:59:05 [main] INFO  c.n.nova_forum.NovaForumApplication - Started NovaForumApplication in 8.787 seconds (process running for 10.192)
2025-11-05 12:00:21 [http-nio-8080-exec-1] INFO  o.a.c.c.C.[.[localhost].[/api] - Initializing Spring DispatcherServlet 'dispatcherServlet'
2025-11-05 12:00:21 [http-nio-8080-exec-1] INFO  o.s.web.servlet.DispatcherServlet - Initializing Servlet 'dispatcherServlet'
2025-11-05 12:00:21 [http-nio-8080-exec-1] INFO  o.s.web.servlet.DispatcherServlet - Completed initialization in 9 ms
2025-11-05 12:00:21 [http-nio-8080-exec-1] DEBUG o.s.security.web.FilterChainProxy - Securing POST /user/register
2025-11-05 12:00:21 [http-nio-8080-exec-1] DEBUG o.s.s.w.a.AnonymousAuthenticationFilter - Set SecurityContextHolder to anonymous SecurityContext
2025-11-05 12:00:21 [http-nio-8080-exec-1] DEBUG o.s.security.web.FilterChainProxy - Secured POST /user/register
2025-11-05 12:00:22 [http-nio-8080-exec-1] INFO  com.zaxxer.hikari.HikariDataSource - HikariPool-1 - Starting...
2025-11-05 12:00:22 [http-nio-8080-exec-1] INFO  com.zaxxer.hikari.pool.HikariPool - HikariPool-1 - Added connection com.mysql.cj.jdbc.ConnectionImpl@47c37a66
2025-11-05 12:00:22 [http-nio-8080-exec-1] INFO  com.zaxxer.hikari.HikariDataSource - HikariPool-1 - Start completed.
2025-11-05 12:00:22 [http-nio-8080-exec-1] DEBUG c.n.n.mapper.UserMapper.selectCount - ==>  Preparing: SELECT COUNT( * ) AS total FROM user WHERE (username = ?)
2025-11-05 12:00:22 [http-nio-8080-exec-1] DEBUG c.n.n.mapper.UserMapper.selectCount - ==> Parameters: testuser(String)
2025-11-05 12:00:22 [http-nio-8080-exec-1] DEBUG c.n.n.mapper.UserMapper.selectCount - <==      Total: 1
2025-11-05 12:00:40 [http-nio-8080-exec-2] DEBUG o.s.security.web.FilterChainProxy - Securing POST /user/register
2025-11-05 12:00:40 [http-nio-8080-exec-2] DEBUG o.s.s.w.a.AnonymousAuthenticationFilter - Set SecurityContextHolder to anonymous SecurityContext
2025-11-05 12:00:40 [http-nio-8080-exec-2] DEBUG o.s.security.web.FilterChainProxy - Secured POST /user/register
2025-11-05 12:00:40 [http-nio-8080-exec-2] DEBUG c.n.n.mapper.UserMapper.selectCount - ==>  Preparing: SELECT COUNT( * ) AS total FROM user WHERE (username = ?)
2025-11-05 12:00:40 [http-nio-8080-exec-2] DEBUG c.n.n.mapper.UserMapper.selectCount - ==> Parameters: testuser123(String)
2025-11-05 12:00:40 [http-nio-8080-exec-2] DEBUG c.n.n.mapper.UserMapper.selectCount - <==      Total: 1
2025-11-05 12:00:40 [http-nio-8080-exec-2] DEBUG c.n.n.mapper.UserMapper.selectCount - ==>  Preparing: SELECT COUNT( * ) AS total FROM user WHERE (email = ?)
2025-11-05 12:00:40 [http-nio-8080-exec-2] DEBUG c.n.n.mapper.UserMapper.selectCount - ==> Parameters: test123@example.com(String)
2025-11-05 12:00:40 [http-nio-8080-exec-2] DEBUG c.n.n.mapper.UserMapper.selectCount - <==      Total: 1
2025-11-05 12:00:41 [http-nio-8080-exec-2] DEBUG c.n.n.mapper.UserMapper.insert - ==>  Preparing: INSERT INTO user ( username, password, salt, email, create_time ) VALUES ( ?, ?, ?, ?, ? )
2025-11-05 12:00:41 [http-nio-8080-exec-2] DEBUG c.n.n.mapper.UserMapper.insert - ==> Parameters: testuser123(String), $2a$10$QngBJWToknIGwpIZWP/mOeky4/G2pC/s8lXEnkGKLXunPR3Lk2UqO(String), OytGwNiCiIMMFngdOjC2XA==(String), test123@example.com(String), 2025-11-05T12:00:41.086346390(LocalDateTime)
2025-11-05 12:00:41 [http-nio-8080-exec-2] DEBUG c.n.n.mapper.UserMapper.insert - <==    Updates: 1
2025-11-05 12:00:58 [http-nio-8080-exec-4] DEBUG o.s.security.web.FilterChainProxy - Securing POST /user/login
2025-11-05 12:00:58 [http-nio-8080-exec-4] DEBUG o.s.s.w.a.AnonymousAuthenticationFilter - Set SecurityContextHolder to anonymous SecurityContext
2025-11-05 12:00:58 [http-nio-8080-exec-4] DEBUG o.s.security.web.FilterChainProxy - Secured POST /user/login
2025-11-05 12:00:58 [http-nio-8080-exec-4] DEBUG c.n.n.mapper.UserMapper.selectList - ==>  Preparing: SELECT id,username,password,salt,email,create_time FROM user WHERE (username = ?)
2025-11-05 12:00:58 [http-nio-8080-exec-4] DEBUG c.n.n.mapper.UserMapper.selectList - ==> Parameters: testuser123(String)
2025-11-05 12:00:58 [http-nio-8080-exec-4] DEBUG c.n.n.mapper.UserMapper.selectList - <==      Total: 1
2025-11-05 12:03:19 [http-nio-8080-exec-6] DEBUG o.s.security.web.FilterChainProxy - Securing GET /user/profile
2025-11-05 12:03:19 [http-nio-8080-exec-6] DEBUG o.s.security.web.FilterChainProxy - Secured GET /user/profile
2025-11-05 12:03:41 [http-nio-8080-exec-8] DEBUG o.s.security.web.FilterChainProxy - Securing POST /post/create
2025-11-05 12:03:41 [http-nio-8080-exec-8] DEBUG o.s.security.web.FilterChainProxy - Secured POST /post/create
2025-11-05 12:03:41 [http-nio-8080-exec-8] DEBUG c.n.n.mapper.PostMapper.insert - ==>  Preparing: INSERT INTO post ( user_id, title, content, view_count, like_count, create_time, update_time ) VALUES ( ?, ?, ?, ?, ?, ?, ? )
2025-11-05 12:03:41 [http-nio-8080-exec-8] DEBUG c.n.n.mapper.PostMapper.insert - ==> Parameters: 6(Long), 第一篇测试帖子(String), 这是一个测试帖子的内容，用于验证帖子创建功能是否正常工作。(String), 0(Integer), 0(Integer), 2025-11-05T12:03:41.203080019(LocalDateTime), 2025-11-05T12:03:41.203100748(LocalDateTime)
2025-11-05 12:03:41 [http-nio-8080-exec-8] DEBUG c.n.n.mapper.PostMapper.insert - <==    Updates: 1
2025-11-05 12:03:59 [http-nio-8080-exec-10] DEBUG o.s.security.web.FilterChainProxy - Securing GET /post/list?page=1&size=10
2025-11-05 12:03:59 [http-nio-8080-exec-10] DEBUG o.s.security.web.FilterChainProxy - Secured GET /post/list?page=1&size=10
2025-11-05 12:03:59 [http-nio-8080-exec-10] DEBUG c.n.n.m.PostMapper.selectPostsPage - ==>  Preparing: SELECT id, title, content, user_id, view_count, like_count, create_time, update_time FROM post ORDER BY create_time DESC
2025-11-05 12:03:59 [http-nio-8080-exec-10] DEBUG c.n.n.m.PostMapper.selectPostsPage - ==> Parameters: 
2025-11-05 12:03:59 [http-nio-8080-exec-10] DEBUG c.n.n.m.PostMapper.selectPostsPage - <==      Total: 2
2025-11-05 12:04:18 [http-nio-8080-exec-2] DEBUG o.s.security.web.FilterChainProxy - Securing GET /post/2
2025-11-05 12:04:18 [http-nio-8080-exec-2] DEBUG o.s.security.web.FilterChainProxy - Secured GET /post/2
2025-11-05 12:04:18 [http-nio-8080-exec-2] DEBUG c.n.n.m.P.selectPostWithAuthorById - ==>  Preparing: SELECT id, title, content, user_id, view_count, like_count, create_time, update_time FROM post WHERE id = ?
2025-11-05 12:04:18 [http-nio-8080-exec-2] DEBUG c.n.n.m.P.selectPostWithAuthorById - ==> Parameters: 2(Long)
2025-11-05 12:04:18 [http-nio-8080-exec-2] DEBUG c.n.n.m.P.selectPostWithAuthorById - <==      Total: 1
2025-11-05 12:04:18 [http-nio-8080-exec-2] DEBUG c.n.n.m.P.incrementViewCount - ==>  Preparing: UPDATE post SET view_count = view_count + 1 WHERE id = ?
2025-11-05 12:04:18 [http-nio-8080-exec-2] DEBUG c.n.n.m.P.incrementViewCount - ==> Parameters: 2(Long)
2025-11-05 12:04:18 [http-nio-8080-exec-2] DEBUG c.n.n.m.P.incrementViewCount - <==    Updates: 1
2025-11-05 12:04:39 [http-nio-8080-exec-4] DEBUG o.s.security.web.FilterChainProxy - Securing POST /comment/create
2025-11-05 12:04:39 [http-nio-8080-exec-4] DEBUG o.s.security.web.FilterChainProxy - Secured POST /comment/create
2025-11-05 12:04:39 [http-nio-8080-exec-4] DEBUG c.n.n.mapper.PostMapper.selectById - ==>  Preparing: SELECT id,user_id,title,content,view_count,like_count,create_time,update_time FROM post WHERE id=?
2025-11-05 12:04:39 [http-nio-8080-exec-4] DEBUG c.n.n.mapper.PostMapper.selectById - ==> Parameters: 2(Long)
2025-11-05 12:04:39 [http-nio-8080-exec-4] DEBUG c.n.n.mapper.PostMapper.selectById - <==      Total: 1
2025-11-05 12:04:39 [http-nio-8080-exec-4] DEBUG c.n.n.mapper.CommentMapper.insert - ==>  Preparing: INSERT INTO comment ( post_id, user_id, content, create_time ) VALUES ( ?, ?, ?, ? )
2025-11-05 12:04:39 [http-nio-8080-exec-4] DEBUG c.n.n.mapper.CommentMapper.insert - ==> Parameters: 2(Long), 6(Long), 这是一条测试评论，验证评论系统是否正常工作。(String), null
2025-11-05 12:04:39 [http-nio-8080-exec-4] DEBUG c.n.n.mapper.CommentMapper.insert - <==    Updates: 1
2025-11-05 12:04:39 [http-nio-8080-exec-4] INFO  c.n.n.s.impl.CommentServiceImpl - 创建评论成功，评论ID: 1, 用户ID: 6
2025-11-05 12:04:39 [http-nio-8080-exec-4] INFO  c.n.n.controller.CommentController - 创建评论成功，评论ID: 1, 用户ID: 6
2025-11-05 12:05:01 [http-nio-8080-exec-6] DEBUG o.s.security.web.FilterChainProxy - Securing GET /comment/list/2
2025-11-05 12:05:01 [http-nio-8080-exec-6] DEBUG o.s.security.web.FilterChainProxy - Secured GET /comment/list/2
2025-11-05 12:05:01 [http-nio-8080-exec-6] DEBUG c.n.n.m.C.selectCommentsByPostId - ==>  Preparing: SELECT c.*, u.username, p.content as parent_content, (SELECT COUNT(*) FROM comment WHERE parent_id = c.id) as reply_count FROM comment c LEFT JOIN user u ON c.user_id = u.id LEFT JOIN comment p ON c.parent_id = p.id WHERE c.post_id = ? ORDER BY c.create_time ASC
2025-11-05 12:05:01 [http-nio-8080-exec-6] DEBUG c.n.n.m.C.selectCommentsByPostId - ==> Parameters: 2(Long)
2025-11-05 12:05:01 [http-nio-8080-exec-6] DEBUG c.n.n.m.C.selectCommentsByPostId - <==      Total: 1
2025-11-05 12:05:01 [http-nio-8080-exec-6] DEBUG c.n.n.mapper.UserMapper.selectById - ==>  Preparing: SELECT id,username,password,salt,email,create_time FROM user WHERE id=?
2025-11-05 12:05:01 [http-nio-8080-exec-6] DEBUG c.n.n.mapper.UserMapper.selectById - ==> Parameters: 6(Long)
2025-11-05 12:05:01 [http-nio-8080-exec-6] DEBUG c.n.n.mapper.UserMapper.selectById - <==      Total: 1
2025-11-05 12:05:01 [http-nio-8080-exec-6] DEBUG c.n.n.m.C.selectReplyCountByParentId - ==>  Preparing: SELECT COUNT(*) FROM comment WHERE parent_id = ?
2025-11-05 12:05:01 [http-nio-8080-exec-6] DEBUG c.n.n.m.C.selectReplyCountByParentId - ==> Parameters: 1(Long)
2025-11-05 12:05:01 [http-nio-8080-exec-6] DEBUG c.n.n.m.C.selectReplyCountByParentId - <==      Total: 1
2025-11-05 12:05:59 [http-nio-8080-exec-8] DEBUG o.s.security.web.FilterChainProxy - Securing POST /like/2
2025-11-05 12:05:59 [http-nio-8080-exec-8] DEBUG o.s.security.web.FilterChainProxy - Secured POST /like/2
2025-11-05 12:05:59 [http-nio-8080-exec-8] DEBUG c.n.n.mapper.PostMapper.selectById - ==>  Preparing: SELECT id,user_id,title,content,view_count,like_count,create_time,update_time FROM post WHERE id=?
2025-11-05 12:05:59 [http-nio-8080-exec-8] DEBUG c.n.n.mapper.PostMapper.selectById - ==> Parameters: 2(Long)
2025-11-05 12:05:59 [http-nio-8080-exec-8] DEBUG c.n.n.mapper.PostMapper.selectById - <==      Total: 1
2025-11-05 12:06:00 [http-nio-8080-exec-8] WARN  i.netty.util.internal.MacAddressUtil - Failed to find a usable hardware address from the network interfaces; using random bytes: 91:39:a0:60:4b:37:8c:6c
2025-11-05 12:06:00 [http-nio-8080-exec-8] ERROR c.n.n.controller.LikeController - 点赞操作失败，帖子ID: 2
org.springframework.data.redis.RedisConnectionFailureException: Unable to connect to Redis
	at org.springframework.data.redis.connection.lettuce.LettuceConnectionFactory$ExceptionTranslatingConnectionProvider.translateException(LettuceConnectionFactory.java:1870)
	at org.springframework.data.redis.connection.lettuce.LettuceConnectionFactory$ExceptionTranslatingConnectionProvider.getConnection(LettuceConnectionFactory.java:1801)
	at org.springframework.data.redis.connection.lettuce.LettuceConnectionFactory$SharedConnection.getNativeConnection(LettuceConnectionFactory.java:1598)
	at org.springframework.data.redis.connection.lettuce.LettuceConnectionFactory$SharedConnection.lambda$getConnection$0(LettuceConnectionFactory.java:1578)
	at org.springframework.data.redis.connection.lettuce.LettuceConnectionFactory.doInLock(LettuceConnectionFactory.java:1539)
	at org.springframework.data.redis.connection.lettuce.LettuceConnectionFactory$SharedConnection.getConnection(LettuceConnectionFactory.java:1575)
	at org.springframework.data.redis.connection.lettuce.LettuceConnectionFactory.getSharedConnection(LettuceConnectionFactory.java:1261)
	at org.springframework.data.redis.connection.lettuce.LettuceConnectionFactory.getConnection(LettuceConnectionFactory.java:1062)
	at org.springframework.data.redis.core.RedisConnectionUtils.fetchConnection(RedisConnectionUtils.java:195)
	at org.springframework.data.redis.core.RedisConnectionUtils.doGetConnection(RedisConnectionUtils.java:144)
	at org.springframework.data.redis.core.RedisConnectionUtils.getConnection(RedisConnectionUtils.java:105)
	at org.springframework.data.redis.core.RedisTemplate.execute(RedisTemplate.java:400)
	at org.springframework.data.redis.core.RedisTemplate.execute(RedisTemplate.java:380)
	at org.springframework.data.redis.core.AbstractOperations.execute(AbstractOperations.java:117)
	at org.springframework.data.redis.core.DefaultSetOperations.isMember(DefaultSetOperations.java:149)
	at com.novaforum.nova_forum.service.impl.LikeServiceImpl.toggleLike(LikeServiceImpl.java:50)
	at java.base/jdk.internal.reflect.DirectMethodHandleAccessor.invoke(DirectMethodHandleAccessor.java:103)
	at java.base/java.lang.reflect.Method.invoke(Method.java:580)
	at org.springframework.aop.support.AopUtils.invokeJoinpointUsingReflection(AopUtils.java:360)
	at org.springframework.aop.framework.ReflectiveMethodInvocation.invokeJoinpoint(ReflectiveMethodInvocation.java:196)
	at org.springframework.aop.framework.ReflectiveMethodInvocation.proceed(ReflectiveMethodInvocation.java:163)
	at org.springframework.transaction.interceptor.TransactionAspectSupport.invokeWithinTransaction(TransactionAspectSupport.java:380)
	at org.springframework.transaction.interceptor.TransactionInterceptor.invoke(TransactionInterceptor.java:119)
	at org.springframework.aop.framework.ReflectiveMethodInvocation.proceed(ReflectiveMethodInvocation.java:184)
	at org.springframework.aop.framework.CglibAopProxy$DynamicAdvisedInterceptor.intercept(CglibAopProxy.java:728)
	at com.novaforum.nova_forum.service.impl.LikeServiceImpl$$SpringCGLIB$$0.toggleLike(<generated>)
	at com.novaforum.nova_forum.controller.LikeController.toggleLike(LikeController.java:49)
	at java.base/jdk.internal.reflect.DirectMethodHandleAccessor.invoke(DirectMethodHandleAccessor.java:103)
	at java.base/java.lang.reflect.Method.invoke(Method.java:580)
	at org.springframework.web.method.support.InvocableHandlerMethod.doInvoke(InvocableHandlerMethod.java:258)
	at org.springframework.web.method.support.InvocableHandlerMethod.invokeForRequest(InvocableHandlerMethod.java:191)
	at org.springframework.web.servlet.mvc.method.annotation.ServletInvocableHandlerMethod.invokeAndHandle(ServletInvocableHandlerMethod.java:118)
	at org.springframework.web.servlet.mvc.method.annotation.RequestMappingHandlerAdapter.invokeHandlerMethod(RequestMappingHandlerAdapter.java:991)
	at org.springframework.web.servlet.mvc.method.annotation.RequestMappingHandlerAdapter.handleInternal(RequestMappingHandlerAdapter.java:896)
	at org.springframework.web.servlet.mvc.method.AbstractHandlerMethodAdapter.handle(AbstractHandlerMethodAdapter.java:87)
	at org.springframework.web.servlet.DispatcherServlet.doDispatch(DispatcherServlet.java:1089)
	at org.springframework.web.servlet.DispatcherServlet.doService(DispatcherServlet.java:979)
	at org.springframework.web.servlet.FrameworkServlet.processRequest(FrameworkServlet.java:1014)
	at org.springframework.web.servlet.FrameworkServlet.doPost(FrameworkServlet.java:914)
	at jakarta.servlet.http.HttpServlet.service(HttpServlet.java:590)
	at org.springframework.web.servlet.FrameworkServlet.service(FrameworkServlet.java:885)
	at jakarta.servlet.http.HttpServlet.service(HttpServlet.java:658)
	at org.apache.catalina.core.ApplicationFilterChain.internalDoFilter(ApplicationFilterChain.java:193)
	at org.apache.catalina.core.ApplicationFilterChain.doFilter(ApplicationFilterChain.java:138)
	at org.apache.tomcat.websocket.server.WsFilter.doFilter(WsFilter.java:51)
	at org.apache.catalina.core.ApplicationFilterChain.internalDoFilter(ApplicationFilterChain.java:162)
	at org.apache.catalina.core.ApplicationFilterChain.doFilter(ApplicationFilterChain.java:138)
	at org.springframework.web.filter.OncePerRequestFilter.doFilter(OncePerRequestFilter.java:110)
	at org.apache.catalina.core.ApplicationFilterChain.internalDoFilter(ApplicationFilterChain.java:162)
	at org.apache.catalina.core.ApplicationFilterChain.doFilter(ApplicationFilterChain.java:138)
	at org.springframework.web.filter.CompositeFilter$VirtualFilterChain.doFilter(CompositeFilter.java:108)
	at org.springframework.web.filter.CompositeFilter$VirtualFilterChain.doFilter(CompositeFilter.java:108)
	at org.springframework.security.web.FilterChainProxy.lambda$doFilterInternal$3(FilterChainProxy.java:231)
	at org.springframework.security.web.FilterChainProxy$VirtualFilterChain.doFilter(FilterChainProxy.java:365)
	at org.springframework.security.web.access.intercept.AuthorizationFilter.doFilter(AuthorizationFilter.java:101)
	at org.springframework.security.web.FilterChainProxy$VirtualFilterChain.doFilter(FilterChainProxy.java:374)
	at org.springframework.security.web.access.ExceptionTranslationFilter.doFilter(ExceptionTranslationFilter.java:125)
	at org.springframework.security.web.access.ExceptionTranslationFilter.doFilter(ExceptionTranslationFilter.java:119)
	at org.springframework.security.web.FilterChainProxy$VirtualFilterChain.doFilter(FilterChainProxy.java:374)
	at org.springframework.security.web.session.SessionManagementFilter.doFilter(SessionManagementFilter.java:131)
	at org.springframework.security.web.session.SessionManagementFilter.doFilter(SessionManagementFilter.java:85)
	at org.springframework.security.web.FilterChainProxy$VirtualFilterChain.doFilter(FilterChainProxy.java:374)
	at org.springframework.security.web.authentication.AnonymousAuthenticationFilter.doFilter(AnonymousAuthenticationFilter.java:100)
	at org.springframework.security.web.FilterChainProxy$VirtualFilterChain.doFilter(FilterChainProxy.java:374)
	at org.springframework.security.web.servletapi.SecurityContextHolderAwareRequestFilter.doFilter(SecurityContextHolderAwareRequestFilter.java:179)
	at org.springframework.security.web.FilterChainProxy$VirtualFilterChain.doFilter(FilterChainProxy.java:374)
	at org.springframework.security.web.savedrequest.RequestCacheAwareFilter.doFilter(RequestCacheAwareFilter.java:63)
	at org.springframework.security.web.FilterChainProxy$VirtualFilterChain.doFilter(FilterChainProxy.java:374)
	at com.novaforum.nova_forum.config.JwtAuthenticationFilter.doFilterInternal(JwtAuthenticationFilter.java:59)
	at org.springframework.web.filter.OncePerRequestFilter.doFilter(OncePerRequestFilter.java:116)
	at org.springframework.security.web.FilterChainProxy$VirtualFilterChain.doFilter(FilterChainProxy.java:374)
	at org.springframework.security.web.authentication.logout.LogoutFilter.doFilter(LogoutFilter.java:107)
	at org.springframework.security.web.authentication.logout.LogoutFilter.doFilter(LogoutFilter.java:93)
	at org.springframework.security.web.FilterChainProxy$VirtualFilterChain.doFilter(FilterChainProxy.java:374)
	at org.springframework.security.web.header.HeaderWriterFilter.doHeadersAfter(HeaderWriterFilter.java:90)
	at org.springframework.security.web.header.HeaderWriterFilter.doFilterInternal(HeaderWriterFilter.java:75)
	at org.springframework.web.filter.OncePerRequestFilter.doFilter(OncePerRequestFilter.java:116)
	at org.springframework.security.web.FilterChainProxy$VirtualFilterChain.doFilter(FilterChainProxy.java:374)
	at org.springframework.security.web.context.SecurityContextHolderFilter.doFilter(SecurityContextHolderFilter.java:82)
	at org.springframework.security.web.context.SecurityContextHolderFilter.doFilter(SecurityContextHolderFilter.java:69)
	at org.springframework.security.web.FilterChainProxy$VirtualFilterChain.doFilter(FilterChainProxy.java:374)
	at org.springframework.security.web.context.request.async.WebAsyncManagerIntegrationFilter.doFilterInternal(WebAsyncManagerIntegrationFilter.java:62)
	at org.springframework.web.filter.OncePerRequestFilter.doFilter(OncePerRequestFilter.java:116)
	at org.springframework.security.web.FilterChainProxy$VirtualFilterChain.doFilter(FilterChainProxy.java:374)
	at org.springframework.security.web.session.DisableEncodeUrlFilter.doFilterInternal(DisableEncodeUrlFilter.java:42)
	at org.springframework.web.filter.OncePerRequestFilter.doFilter(OncePerRequestFilter.java:116)
	at org.springframework.security.web.FilterChainProxy$VirtualFilterChain.doFilter(FilterChainProxy.java:374)
	at org.springframework.security.web.FilterChainProxy.doFilterInternal(FilterChainProxy.java:233)
	at org.springframework.security.web.FilterChainProxy.doFilter(FilterChainProxy.java:191)
	at org.springframework.web.filter.CompositeFilter$VirtualFilterChain.doFilter(CompositeFilter.java:113)
	at org.springframework.web.filter.ServletRequestPathFilter.doFilter(ServletRequestPathFilter.java:52)
	at org.springframework.web.filter.CompositeFilter$VirtualFilterChain.doFilter(CompositeFilter.java:113)
	at org.springframework.web.filter.CompositeFilter.doFilter(CompositeFilter.java:74)
	at org.springframework.security.config.annotation.web.configuration.WebSecurityConfiguration$CompositeFilterChainProxy.doFilter(WebSecurityConfiguration.java:319)
	at org.springframework.web.filter.CompositeFilter$VirtualFilterChain.doFilter(CompositeFilter.java:113)
	at org.springframework.web.servlet.handler.HandlerMappingIntrospector.lambda$createCacheFilter$4(HandlerMappingIntrospector.java:267)
	at org.springframework.web.filter.CompositeFilter$VirtualFilterChain.doFilter(CompositeFilter.java:113)
	at org.springframework.web.filter.CompositeFilter.doFilter(CompositeFilter.java:74)
	at org.springframework.security.config.annotation.web.configuration.WebMvcSecurityConfiguration$CompositeFilterChainProxy.doFilter(WebMvcSecurityConfiguration.java:240)
	at org.springframework.web.filter.DelegatingFilterProxy.invokeDelegate(DelegatingFilterProxy.java:362)
	at org.springframework.web.filter.DelegatingFilterProxy.doFilter(DelegatingFilterProxy.java:278)
	at org.apache.catalina.core.ApplicationFilterChain.internalDoFilter(ApplicationFilterChain.java:162)
	at org.apache.catalina.core.ApplicationFilterChain.doFilter(ApplicationFilterChain.java:138)
	at org.springframework.web.filter.RequestContextFilter.doFilterInternal(RequestContextFilter.java:100)
	at org.springframework.web.filter.OncePerRequestFilter.doFilter(OncePerRequestFilter.java:116)
	at org.apache.catalina.core.ApplicationFilterChain.internalDoFilter(ApplicationFilterChain.java:162)
	at org.apache.catalina.core.ApplicationFilterChain.doFilter(ApplicationFilterChain.java:138)
	at org.springframework.web.filter.FormContentFilter.doFilterInternal(FormContentFilter.java:93)
	at org.springframework.web.filter.OncePerRequestFilter.doFilter(OncePerRequestFilter.java:116)
	at org.apache.catalina.core.ApplicationFilterChain.internalDoFilter(ApplicationFilterChain.java:162)
	at org.apache.catalina.core.ApplicationFilterChain.doFilter(ApplicationFilterChain.java:138)
	at org.springframework.web.filter.CharacterEncodingFilter.doFilterInternal(CharacterEncodingFilter.java:201)
	at org.springframework.web.filter.OncePerRequestFilter.doFilter(OncePerRequestFilter.java:116)
	at org.apache.catalina.core.ApplicationFilterChain.internalDoFilter(ApplicationFilterChain.java:162)
	at org.apache.catalina.core.ApplicationFilterChain.doFilter(ApplicationFilterChain.java:138)
	at org.apache.catalina.core.StandardWrapperValve.invoke(StandardWrapperValve.java:165)
	at org.apache.catalina.core.StandardContextValve.invoke(StandardContextValve.java:88)
	at org.apache.catalina.authenticator.AuthenticatorBase.invoke(AuthenticatorBase.java:482)
	at org.apache.catalina.core.StandardHostValve.invoke(StandardHostValve.java:113)
	at org.apache.catalina.valves.ErrorReportValve.invoke(ErrorReportValve.java:83)
	at org.apache.catalina.core.StandardEngineValve.invoke(StandardEngineValve.java:72)
	at org.apache.catalina.connector.CoyoteAdapter.service(CoyoteAdapter.java:342)
	at org.apache.coyote.http11.Http11Processor.service(Http11Processor.java:399)
	at org.apache.coyote.AbstractProcessorLight.process(AbstractProcessorLight.java:63)
	at org.apache.coyote.AbstractProtocol$ConnectionHandler.process(AbstractProtocol.java:903)
	at org.apache.tomcat.util.net.NioEndpoint$SocketProcessor.doRun(NioEndpoint.java:1774)
	at org.apache.tomcat.util.net.SocketProcessorBase.run(SocketProcessorBase.java:52)
	at org.apache.tomcat.util.threads.ThreadPoolExecutor.runWorker(ThreadPoolExecutor.java:973)
	at org.apache.tomcat.util.threads.ThreadPoolExecutor$Worker.run(ThreadPoolExecutor.java:491)
	at org.apache.tomcat.util.threads.TaskThread$WrappingRunnable.run(TaskThread.java:63)
	at java.base/java.lang.Thread.run(Thread.java:1583)
Caused by: io.lettuce.core.RedisConnectionException: Unable to connect to localhost/<unresolved>:6379
	at io.lettuce.core.RedisConnectionException.create(RedisConnectionException.java:63)
	at io.lettuce.core.RedisConnectionException.create(RedisConnectionException.java:41)
	at io.lettuce.core.AbstractRedisClient.getConnection(AbstractRedisClient.java:354)
	at io.lettuce.core.RedisClient.connect(RedisClient.java:220)
	at org.springframework.data.redis.connection.lettuce.StandaloneConnectionProvider.lambda$getConnection$1(StandaloneConnectionProvider.java:112)
	at java.base/java.util.Optional.orElseGet(Optional.java:364)
	at org.springframework.data.redis.connection.lettuce.StandaloneConnectionProvider.getConnection(StandaloneConnectionProvider.java:112)
	at org.springframework.data.redis.connection.lettuce.LettuceConnectionFactory$ExceptionTranslatingConnectionProvider.getConnection(LettuceConnectionFactory.java:1799)
	... 129 common frames omitted
Caused by: io.netty.channel.AbstractChannel$AnnotatedConnectException: Connection refused: localhost/127.0.0.1:6379
Caused by: java.net.ConnectException: Connection refused
	at java.base/sun.nio.ch.Net.pollConnect(Native Method)
	at java.base/sun.nio.ch.Net.pollConnectNow(Net.java:682)
	at java.base/sun.nio.ch.SocketChannelImpl.finishConnect(SocketChannelImpl.java:973)
	at io.netty.channel.socket.nio.NioSocketChannel.doFinishConnect(NioSocketChannel.java:336)
	at io.netty.channel.nio.AbstractNioChannel$AbstractNioUnsafe.finishConnect(AbstractNioChannel.java:339)
	at io.netty.channel.nio.NioEventLoop.processSelectedKey(NioEventLoop.java:784)
	at io.netty.channel.nio.NioEventLoop.processSelectedKeysOptimized(NioEventLoop.java:732)
	at io.netty.channel.nio.NioEventLoop.processSelectedKeys(NioEventLoop.java:658)
	at io.netty.channel.nio.NioEventLoop.run(NioEventLoop.java:562)
	at io.netty.util.concurrent.SingleThreadEventExecutor$4.run(SingleThreadEventExecutor.java:998)
	at io.netty.util.internal.ThreadExecutorMap$2.run(ThreadExecutorMap.java:74)
	at io.netty.util.concurrent.FastThreadLocalRunnable.run(FastThreadLocalRunnable.java:30)
	at java.base/java.lang.Thread.run(Thread.java:1583)
2025-11-05 12:12:46 [http-nio-8080-exec-10] DEBUG o.s.security.web.FilterChainProxy - Securing POST /like/2
2025-11-05 12:12:46 [http-nio-8080-exec-10] WARN  c.n.n.config.JwtAuthenticationFilter - JWT Token extraction failed: JWT expired at 2025-11-05T12:11:02Z. Current time: 2025-11-05T12:12:46Z, a difference of 104653 milliseconds.  Allowed clock skew: 0 milliseconds.
2025-11-05 12:12:46 [http-nio-8080-exec-10] DEBUG o.s.s.w.a.AnonymousAuthenticationFilter - Set SecurityContextHolder to anonymous SecurityContext
2025-11-05 12:12:46 [http-nio-8080-exec-10] DEBUG o.s.s.w.a.Http403ForbiddenEntryPoint - Pre-authenticated entry point called. Rejecting access
2025-11-05 12:12:46 [http-nio-8080-exec-10] DEBUG o.s.security.web.FilterChainProxy - Securing POST /error
2025-11-05 12:12:46 [http-nio-8080-exec-10] DEBUG o.s.s.w.a.AnonymousAuthenticationFilter - Set SecurityContextHolder to anonymous SecurityContext
2025-11-05 12:12:46 [http-nio-8080-exec-10] DEBUG o.s.s.w.a.Http403ForbiddenEntryPoint - Pre-authenticated entry point called. Rejecting access
2025-11-05 12:13:08 [http-nio-8080-exec-2] DEBUG o.s.security.web.FilterChainProxy - Securing GET /like/count/2
2025-11-05 12:13:08 [http-nio-8080-exec-2] WARN  c.n.n.config.JwtAuthenticationFilter - JWT Token extraction failed: JWT expired at 2025-11-05T12:11:02Z. Current time: 2025-11-05T12:13:08Z, a difference of 126637 milliseconds.  Allowed clock skew: 0 milliseconds.
2025-11-05 12:13:08 [http-nio-8080-exec-2] DEBUG o.s.s.w.a.AnonymousAuthenticationFilter - Set SecurityContextHolder to anonymous SecurityContext
2025-11-05 12:13:08 [http-nio-8080-exec-2] DEBUG o.s.s.w.a.Http403ForbiddenEntryPoint - Pre-authenticated entry point called. Rejecting access
2025-11-05 12:13:08 [http-nio-8080-exec-2] DEBUG o.s.security.web.FilterChainProxy - Securing GET /error
2025-11-05 12:13:08 [http-nio-8080-exec-2] DEBUG o.s.s.w.a.AnonymousAuthenticationFilter - Set SecurityContextHolder to anonymous SecurityContext
2025-11-05 12:13:08 [http-nio-8080-exec-2] DEBUG o.s.s.w.a.Http403ForbiddenEntryPoint - Pre-authenticated entry point called. Rejecting access
2025-11-05 12:13:29 [http-nio-8080-exec-4] DEBUG o.s.security.web.FilterChainProxy - Securing GET /like/count/2
2025-11-05 12:13:29 [http-nio-8080-exec-4] WARN  c.n.n.config.JwtAuthenticationFilter - JWT Token extraction failed: JWT expired at 2025-11-05T12:11:02Z. Current time: 2025-11-05T12:13:29Z, a difference of 147725 milliseconds.  Allowed clock skew: 0 milliseconds.
2025-11-05 12:13:29 [http-nio-8080-exec-4] DEBUG o.s.s.w.a.AnonymousAuthenticationFilter - Set SecurityContextHolder to anonymous SecurityContext
2025-11-05 12:13:29 [http-nio-8080-exec-4] DEBUG o.s.s.w.a.Http403ForbiddenEntryPoint - Pre-authenticated entry point called. Rejecting access
2025-11-05 12:13:29 [http-nio-8080-exec-4] DEBUG o.s.security.web.FilterChainProxy - Securing GET /error
2025-11-05 12:13:29 [http-nio-8080-exec-4] DEBUG o.s.s.w.a.AnonymousAuthenticationFilter - Set SecurityContextHolder to anonymous SecurityContext
2025-11-05 12:13:29 [http-nio-8080-exec-4] DEBUG o.s.s.w.a.Http403ForbiddenEntryPoint - Pre-authenticated entry point called. Rejecting access
2025-11-05 12:13:51 [http-nio-8080-exec-6] DEBUG o.s.security.web.FilterChainProxy - Securing GET /user/profile
2025-11-05 12:13:51 [http-nio-8080-exec-6] WARN  c.n.n.config.JwtAuthenticationFilter - JWT Token extraction failed: JWT strings must contain exactly 2 period characters. Found: 0
2025-11-05 12:13:51 [http-nio-8080-exec-6] DEBUG o.s.s.w.a.AnonymousAuthenticationFilter - Set SecurityContextHolder to anonymous SecurityContext
2025-11-05 12:13:51 [http-nio-8080-exec-6] DEBUG o.s.s.w.a.Http403ForbiddenEntryPoint - Pre-authenticated entry point called. Rejecting access
2025-11-05 12:13:51 [http-nio-8080-exec-6] DEBUG o.s.security.web.FilterChainProxy - Securing GET /error
2025-11-05 12:13:51 [http-nio-8080-exec-6] DEBUG o.s.s.w.a.AnonymousAuthenticationFilter - Set SecurityContextHolder to anonymous SecurityContext
2025-11-05 12:13:51 [http-nio-8080-exec-6] DEBUG o.s.s.w.a.Http403ForbiddenEntryPoint - Pre-authenticated entry point called. Rejecting access
2025-11-05 12:17:34 [http-nio-8080-exec-8] DEBUG o.s.security.web.FilterChainProxy - Securing POST /like/2
2025-11-05 12:17:34 [http-nio-8080-exec-8] WARN  c.n.n.config.JwtAuthenticationFilter - JWT Token extraction failed: JWT expired at 2025-11-05T12:11:02Z. Current time: 2025-11-05T12:17:34Z, a difference of 392065 milliseconds.  Allowed clock skew: 0 milliseconds.
2025-11-05 12:17:34 [http-nio-8080-exec-8] DEBUG o.s.s.w.a.AnonymousAuthenticationFilter - Set SecurityContextHolder to anonymous SecurityContext
2025-11-05 12:17:34 [http-nio-8080-exec-8] DEBUG o.s.s.w.a.Http403ForbiddenEntryPoint - Pre-authenticated entry point called. Rejecting access
2025-11-05 12:17:34 [http-nio-8080-exec-8] DEBUG o.s.security.web.FilterChainProxy - Securing POST /error
2025-11-05 12:17:34 [http-nio-8080-exec-8] DEBUG o.s.s.w.a.AnonymousAuthenticationFilter - Set SecurityContextHolder to anonymous SecurityContext
2025-11-05 12:17:34 [http-nio-8080-exec-8] DEBUG o.s.s.w.a.Http403ForbiddenEntryPoint - Pre-authenticated entry point called. Rejecting access
2025-11-05 12:18:42 [http-nio-8080-exec-9] DEBUG o.s.security.web.FilterChainProxy - Securing GET /user/profile
2025-11-05 12:18:42 [http-nio-8080-exec-9] WARN  c.n.n.config.JwtAuthenticationFilter - JWT Token extraction failed: JWT expired at 2025-11-05T12:11:02Z. Current time: 2025-11-05T12:18:42Z, a difference of 460749 milliseconds.  Allowed clock skew: 0 milliseconds.
2025-11-05 12:18:42 [http-nio-8080-exec-9] DEBUG o.s.s.w.a.AnonymousAuthenticationFilter - Set SecurityContextHolder to anonymous SecurityContext
2025-11-05 12:18:42 [http-nio-8080-exec-9] DEBUG o.s.s.w.a.Http403ForbiddenEntryPoint - Pre-authenticated entry point called. Rejecting access
2025-11-05 12:18:42 [http-nio-8080-exec-9] DEBUG o.s.security.web.FilterChainProxy - Securing GET /error
2025-11-05 12:18:42 [http-nio-8080-exec-9] DEBUG o.s.s.w.a.AnonymousAuthenticationFilter - Set SecurityContextHolder to anonymous SecurityContext
2025-11-05 12:18:42 [http-nio-8080-exec-9] DEBUG o.s.s.w.a.Http403ForbiddenEntryPoint - Pre-authenticated entry point called. Rejecting access
2025-11-05 12:26:44 [SpringApplicationShutdownHook] INFO  o.s.b.w.e.tomcat.GracefulShutdown - Commencing graceful shutdown. Waiting for active requests to complete
2025-11-05 12:26:44 [tomcat-shutdown] INFO  o.s.b.w.e.tomcat.GracefulShutdown - Graceful shutdown complete
2025-11-05 12:26:44 [SpringApplicationShutdownHook] INFO  com.zaxxer.hikari.HikariDataSource - HikariPool-1 - Shutdown initiated...
2025-11-05 12:26:44 [SpringApplicationShutdownHook] INFO  com.zaxxer.hikari.HikariDataSource - HikariPool-1 - Shutdown completed.
